

> ganzu@0.0.3 build
> tsup

[1G[0K[34mCLI[39m Building entry: src/index.ts
[34mCLI[39m Using tsconfig: tsconfig.json
[34mCLI[39m tsup v8.4.0
[34mCLI[39m Using tsup config: /home/mythmon/src/ganzu/pkgs/ganzu/tsup.config.ts
[34mCLI[39m Target: node18
[34mCLI[39m Cleaning output folder
[34mCJS[39m Build start
[34mESM[39m Build start
[32mCJS[39m [1mdist/index.cjs     [22m[32m5.52 KB[39m
[32mCJS[39m [1mdist/index.cjs.map [22m[32m10.59 KB[39m
[32mCJS[39m ⚡️ Build success in 10ms
[32mESM[39m [1mdist/index.js     [22m[32m4.34 KB[39m
[32mESM[39m [1mdist/index.js.map [22m[32m9.71 KB[39m
[32mESM[39m ⚡️ Build success in 10ms
DTS Build start
DTS ⚡️ Build success in 783ms
DTS dist/index.d.cts 2.56 KB
DTS dist/index.d.ts  2.56 KB
[1G[0K⠙[1G[0K
